c:\users\пользователь\source\repos\lplab16\lplab16\debug\lplab16.pch
c:\users\пользователь\source\repos\lplab16\lplab16\debug\vc141.pdb
c:\users\пользователь\source\repos\lplab16\lplab16\debug\vc141.idb
c:\users\пользователь\source\repos\lplab16\lplab16\debug\stdafx.obj
c:\users\пользователь\source\repos\lplab16\lplab16\debug\error.obj
c:\users\пользователь\source\repos\lplab16\lplab16\debug\fst.obj
c:\users\пользователь\source\repos\lplab16\lplab16\debug\in.obj
c:\users\пользователь\source\repos\lplab16\lplab16\debug\it.obj
c:\users\пользователь\source\repos\lplab16\lplab16\debug\lexanalys.obj
c:\users\пользователь\source\repos\lplab16\lplab16\debug\log.obj
c:\users\пользователь\source\repos\lplab16\lplab16\debug\lplab16.obj
c:\users\пользователь\source\repos\lplab16\lplab16\debug\lt.obj
c:\users\пользователь\source\repos\lplab16\lplab16\debug\parm.obj
c:\users\пользователь\source\repos\lplab16\debug\lplab16.ilk
c:\users\пользователь\source\repos\lplab16\debug\lplab16.exe
c:\users\пользователь\source\repos\lplab16\debug\lplab16.pdb
c:\users\пользователь\source\repos\lplab16\lplab16\debug\lplab16.tlog\cl.command.1.tlog
c:\users\пользователь\source\repos\lplab16\lplab16\debug\lplab16.tlog\cl.read.1.tlog
c:\users\пользователь\source\repos\lplab16\lplab16\debug\lplab16.tlog\cl.write.1.tlog
c:\users\пользователь\source\repos\lplab16\lplab16\debug\lplab16.tlog\link.command.1.tlog
c:\users\пользователь\source\repos\lplab16\lplab16\debug\lplab16.tlog\link.read.1.tlog
c:\users\пользователь\source\repos\lplab16\lplab16\debug\lplab16.tlog\link.write.1.tlog
