c:\users\user\desktop\kp\vtm-2018\lplab16\debug\vtm-2018.pch
c:\users\user\desktop\kp\vtm-2018\lplab16\debug\vc141.pdb
c:\users\user\desktop\kp\vtm-2018\lplab16\debug\vc141.idb
c:\users\user\desktop\kp\vtm-2018\lplab16\debug\stdafx.obj
c:\users\user\desktop\kp\vtm-2018\lplab16\debug\sa.obj
c:\users\user\desktop\kp\vtm-2018\lplab16\debug\pn.obj
c:\users\user\desktop\kp\vtm-2018\lplab16\debug\parm.obj
c:\users\user\desktop\kp\vtm-2018\lplab16\debug\mfst.obj
c:\users\user\desktop\kp\vtm-2018\lplab16\debug\lt.obj
c:\users\user\desktop\kp\vtm-2018\lplab16\debug\vtm-2018.obj
c:\users\user\desktop\kp\vtm-2018\lplab16\debug\log.obj
c:\users\user\desktop\kp\vtm-2018\lplab16\debug\lexanalys.obj
c:\users\user\desktop\kp\vtm-2018\lplab16\debug\it.obj
c:\users\user\desktop\kp\vtm-2018\lplab16\debug\in.obj
c:\users\user\desktop\kp\vtm-2018\lplab16\debug\greibach.obj
c:\users\user\desktop\kp\vtm-2018\lplab16\debug\generation.obj
c:\users\user\desktop\kp\vtm-2018\lplab16\debug\fst.obj
c:\users\user\desktop\kp\vtm-2018\lplab16\debug\error.obj
c:\users\user\desktop\kp\vtm-2018\debug\vtm-2018.exe
c:\users\user\desktop\kp\vtm-2018\debug\vtm-2018.ilk
c:\users\user\desktop\kp\vtm-2018\debug\vtm-2018.pdb
c:\users\user\desktop\kp\vtm-2018\lplab16\debug\vtm-2018.tlog\cl.command.1.tlog
c:\users\user\desktop\kp\vtm-2018\lplab16\debug\vtm-2018.tlog\cl.read.1.tlog
c:\users\user\desktop\kp\vtm-2018\lplab16\debug\vtm-2018.tlog\cl.write.1.tlog
c:\users\user\desktop\kp\vtm-2018\lplab16\debug\vtm-2018.tlog\link.command.1.tlog
c:\users\user\desktop\kp\vtm-2018\lplab16\debug\vtm-2018.tlog\link.read.1.tlog
c:\users\user\desktop\kp\vtm-2018\lplab16\debug\vtm-2018.tlog\link.write.1.tlog
